Arguments: 
  /usr/local/bin/node /Users/FreeDjoe/.cache/node/corepack/yarn/1.22.19/bin/yarn.js

PATH: 
  /usr/local/bin:/usr/bin:/bin:/usr/sbin:/sbin:/usr/local/go/bin

Yarn version: 
  1.22.19

Node version: 
  19.6.0

Platform: 
  darwin x64

Trace: 
  Error: getaddrinfo ENOTFOUND registry.yarnpkg.com
      at GetAddrInfoReqWrap.onlookup [as oncomplete] (node:dns:107:26)

npm manifest: 
  {
    "name": "pocketbase-admin",
    "private": true,
    "scripts": {
      "dev": "vite",
      "build": "vite build",
      "preview": "vite preview"
    },
    "type": "module",
    "prettier": {
      "tabWidth": 4,
      "printWidth": 110,
      "svelteBracketNewLine": true
    },
    "devDependencies": {
      "@codemirror/autocomplete": "^6.0.0",
      "@codemirror/commands": "^6.0.0",
      "@codemirror/lang-html": "^6.1.0",
      "@codemirror/lang-javascript": "^6.0.2",
      "@codemirror/lang-sql": "^6.4.0",
      "@codemirror/language": "^6.0.0",
      "@codemirror/legacy-modes": "^6.0.0",
      "@codemirror/search": "^6.0.0",
      "@codemirror/state": "^6.0.0",
      "@codemirror/view": "^6.0.0",
      "@sveltejs/vite-plugin-svelte": "^2.0.2",
      "@tinymce/tinymce-svelte": "^1.0.0",
      "chart.js": "^3.7.1",
      "chartjs-adapter-luxon": "^1.2.0",
      "luxon": "^2.3.2",
      "pocketbase": "^0.15.0",
      "prismjs": "^1.28.0",
      "sass": "^1.45.0",
      "svelte": "^3.44.0",
      "svelte-flatpickr": "^3.2.6",
      "svelte-spa-router": "^3.2.0",
      "vite": "^4.0.4"
    }
  }

yarn manifest: 
  No manifest

Lockfile: 
  No lockfile
